<?xml version="1.0" encoding="UTF-8"?>
<testng-results ignored="0" total="1" passed="1" failed="0" skipped="0">
  <reporter-output>
  </reporter-output>
  <suite started-at="2022-10-13T08:50:08 IST" name="Suite" finished-at="2022-10-13T08:50:20 IST" duration-ms="12097">
    <groups>
    </groups>
    <test started-at="2022-10-13T08:50:08 IST" name="Test" finished-at="2022-10-13T08:50:20 IST" duration-ms="12097">
      <class name="testTitle.FbTitleTest">
        <test-method signature="loginTest()[pri:0, instance:testTitle.FbTitleTest@cd3fee8]" started-at="2022-10-13T08:50:08 IST" name="loginTest" finished-at="2022-10-13T08:50:20 IST" duration-ms="12032" status="PASS">
          <reporter-output>
          </reporter-output>
        </test-method> <!-- loginTest -->
      </class> <!-- testTitle.FbTitleTest -->
    </test> <!-- Test -->
  </suite> <!-- Suite -->
</testng-results>
